<?xml version="1.0" encoding="UTF-8"?>
<!-- Generated by org.testng.reporters.JUnitXMLReporter -->
<testsuite hostname="EC2AMAZ-J5GP1U8" ignored="0" name="Test" tests="1" failures="1" timestamp="2022-04-14T17:22:14 UTC" time="7.126" errors="0">
  <testcase name="verifyUserLoginWithCorrectCredentials" time="1.493" classname="com.guru99.tests.LoginTest">
    <failure type="java.lang.AssertionError" message="expected [Guru99 Bank Manager Home Page] but found [Guru99 Bank Manager HomePage]">
      <![CDATA[java.lang.AssertionError: expected [Guru99 Bank Manager Home Page] but found [Guru99 Bank Manager HomePage]
at com.guru99.tests.LoginTest.verifyUserLoginWithCorrectCredentials(LoginTest.java:25)
at java.util.ArrayList.forEach(Unknown Source)
... Removed 32 stack frames]]>
    </failure>
  </testcase> <!-- verifyUserLoginWithCorrectCredentials -->
</testsuite> <!-- Test -->
